mode: set
dev-toolbox/internal/datagenerator/engine.go:19.34,23.2 1 1
dev-toolbox/internal/datagenerator/engine.go:26.52,30.2 1 1
dev-toolbox/internal/datagenerator/engine.go:33.59,37.25 1 1
dev-toolbox/internal/datagenerator/engine.go:37.25,39.4 1 1
dev-toolbox/internal/datagenerator/engine.go:84.33,86.4 1 1
dev-toolbox/internal/datagenerator/engine.go:87.43,89.4 1 1
dev-toolbox/internal/datagenerator/engine.go:93.27,93.73 1 1
dev-toolbox/internal/datagenerator/engine.go:94.27,94.79 1 1
dev-toolbox/internal/datagenerator/engine.go:95.27,97.4 1 1
dev-toolbox/internal/datagenerator/engine.go:98.29,100.4 1 1
dev-toolbox/internal/datagenerator/engine.go:104.30,104.61 1 1
dev-toolbox/internal/datagenerator/engine.go:105.30,105.73 1 1
dev-toolbox/internal/datagenerator/engine.go:106.53,107.21 1 1
dev-toolbox/internal/datagenerator/engine.go:108.17,110.32 2 1
dev-toolbox/internal/datagenerator/engine.go:110.32,112.6 1 1
dev-toolbox/internal/datagenerator/engine.go:113.5,113.36 1 1
dev-toolbox/internal/datagenerator/engine.go:114.21,116.32 2 0
dev-toolbox/internal/datagenerator/engine.go:116.32,118.6 1 0
dev-toolbox/internal/datagenerator/engine.go:119.5,119.40 1 0
dev-toolbox/internal/datagenerator/engine.go:120.22,122.32 2 0
dev-toolbox/internal/datagenerator/engine.go:122.32,124.6 1 0
dev-toolbox/internal/datagenerator/engine.go:125.5,125.44 1 0
dev-toolbox/internal/datagenerator/engine.go:126.12,127.44 1 0
dev-toolbox/internal/datagenerator/engine.go:154.43,156.4 1 1
dev-toolbox/internal/datagenerator/engine.go:159.50,160.25 1 1
dev-toolbox/internal/datagenerator/engine.go:160.25,162.5 1 0
dev-toolbox/internal/datagenerator/engine.go:163.4,163.53 1 1
dev-toolbox/internal/datagenerator/engine.go:167.36,169.31 2 1
dev-toolbox/internal/datagenerator/engine.go:169.31,171.5 1 1
dev-toolbox/internal/datagenerator/engine.go:172.4,172.17 1 1
dev-toolbox/internal/datagenerator/engine.go:174.39,176.4 1 1
dev-toolbox/internal/datagenerator/engine.go:177.60,178.31 1 1
dev-toolbox/internal/datagenerator/engine.go:178.31,180.5 1 1
dev-toolbox/internal/datagenerator/engine.go:181.4,181.14 1 0
dev-toolbox/internal/datagenerator/engine.go:187.107,189.15 2 1
dev-toolbox/internal/datagenerator/engine.go:189.15,191.3 1 1
dev-toolbox/internal/datagenerator/engine.go:192.2,192.15 1 1
dev-toolbox/internal/datagenerator/engine.go:192.15,194.3 1 1
dev-toolbox/internal/datagenerator/engine.go:195.2,195.13 1 1
dev-toolbox/internal/datagenerator/engine.go:195.13,197.3 1 1
dev-toolbox/internal/datagenerator/engine.go:198.2,198.13 1 1
dev-toolbox/internal/datagenerator/engine.go:198.13,200.3 1 1
dev-toolbox/internal/datagenerator/engine.go:202.2,202.17 1 1
dev-toolbox/internal/datagenerator/engine.go:202.17,204.3 1 1
dev-toolbox/internal/datagenerator/engine.go:206.2,207.30 2 1
dev-toolbox/internal/datagenerator/engine.go:207.30,209.3 1 1
dev-toolbox/internal/datagenerator/engine.go:210.2,210.23 1 1
dev-toolbox/internal/datagenerator/engine.go:219.26,223.2 1 1
dev-toolbox/internal/datagenerator/engine.go:226.44,230.2 1 1
dev-toolbox/internal/datagenerator/engine.go:233.80,234.42 1 1
dev-toolbox/internal/datagenerator/engine.go:234.42,236.3 1 1
dev-toolbox/internal/datagenerator/engine.go:239.2,242.16 2 1
dev-toolbox/internal/datagenerator/engine.go:242.16,244.3 1 1
dev-toolbox/internal/datagenerator/engine.go:247.2,248.49 2 1
dev-toolbox/internal/datagenerator/engine.go:248.49,250.3 1 0
dev-toolbox/internal/datagenerator/engine.go:252.2,252.26 1 1
dev-toolbox/internal/datagenerator/engine.go:256.53,257.42 1 1
dev-toolbox/internal/datagenerator/engine.go:257.42,259.3 1 1
dev-toolbox/internal/datagenerator/engine.go:261.2,265.16 2 1
dev-toolbox/internal/datagenerator/engine.go:265.16,267.3 1 1
dev-toolbox/internal/datagenerator/engine.go:269.2,269.12 1 1
dev-toolbox/internal/datagenerator/engine.go:273.120,274.41 1 1
dev-toolbox/internal/datagenerator/engine.go:274.41,276.3 1 1
dev-toolbox/internal/datagenerator/engine.go:279.2,280.30 2 1
dev-toolbox/internal/datagenerator/engine.go:280.30,282.3 1 1
dev-toolbox/internal/datagenerator/engine.go:283.2,286.34 3 1
dev-toolbox/internal/datagenerator/engine.go:286.34,292.17 4 1
dev-toolbox/internal/datagenerator/engine.go:292.17,294.4 1 0
dev-toolbox/internal/datagenerator/engine.go:295.3,295.22 1 1
dev-toolbox/internal/datagenerator/engine.go:298.2,298.21 1 1
dev-toolbox/internal/datagenerator/formatter.go:17.32,19.2 1 1
dev-toolbox/internal/datagenerator/formatter.go:22.92,23.33 1 1
dev-toolbox/internal/datagenerator/formatter.go:24.14,25.28 1 1
dev-toolbox/internal/datagenerator/formatter.go:26.13,27.27 1 1
dev-toolbox/internal/datagenerator/formatter.go:28.13,29.27 1 1
dev-toolbox/internal/datagenerator/formatter.go:30.14,31.28 1 1
dev-toolbox/internal/datagenerator/formatter.go:32.17,33.38 1 1
dev-toolbox/internal/datagenerator/formatter.go:34.10,35.30 1 1
dev-toolbox/internal/datagenerator/formatter.go:40.63,43.28 2 1
dev-toolbox/internal/datagenerator/formatter.go:43.28,45.60 2 1
dev-toolbox/internal/datagenerator/formatter.go:45.60,48.4 1 1
dev-toolbox/internal/datagenerator/formatter.go:48.9,50.4 1 0
dev-toolbox/internal/datagenerator/formatter.go:53.2,54.16 2 1
dev-toolbox/internal/datagenerator/formatter.go:54.16,56.3 1 0
dev-toolbox/internal/datagenerator/formatter.go:58.2,58.28 1 1
dev-toolbox/internal/datagenerator/formatter.go:62.62,74.25 4 1
dev-toolbox/internal/datagenerator/formatter.go:74.25,76.3 1 1
dev-toolbox/internal/datagenerator/formatter.go:78.2,79.16 2 1
dev-toolbox/internal/datagenerator/formatter.go:79.16,81.3 1 0
dev-toolbox/internal/datagenerator/formatter.go:83.2,83.41 1 1
dev-toolbox/internal/datagenerator/formatter.go:87.62,91.28 3 1
dev-toolbox/internal/datagenerator/formatter.go:91.28,92.54 1 1
dev-toolbox/internal/datagenerator/formatter.go:92.54,94.4 1 0
dev-toolbox/internal/datagenerator/formatter.go:97.2,98.26 2 1
dev-toolbox/internal/datagenerator/formatter.go:102.63,104.16 2 1
dev-toolbox/internal/datagenerator/formatter.go:104.16,106.3 1 0
dev-toolbox/internal/datagenerator/formatter.go:108.2,108.28 1 1
dev-toolbox/internal/datagenerator/formatter.go:112.80,114.19 2 1
dev-toolbox/internal/datagenerator/formatter.go:115.15,116.12 1 1
dev-toolbox/internal/datagenerator/formatter.go:117.13,118.13 1 1
dev-toolbox/internal/datagenerator/formatter.go:119.14,120.11 1 1
dev-toolbox/internal/datagenerator/formatter.go:121.17,122.13 1 1
dev-toolbox/internal/datagenerator/formatter.go:123.10,125.18 1 1
dev-toolbox/internal/datagenerator/formatter.go:127.2,127.37 1 1
dev-toolbox/internal/datagenerator/formatter.go:131.62,133.59 2 1
dev-toolbox/internal/datagenerator/formatter.go:133.59,136.3 1 1
dev-toolbox/internal/datagenerator/formatter.go:138.2,139.16 2 1
dev-toolbox/internal/datagenerator/formatter.go:139.16,141.3 1 0
dev-toolbox/internal/datagenerator/formatter.go:143.2,143.28 1 1
dev-toolbox/internal/datagenerator/presets.go:4.43,198.2 1 1
dev-toolbox/internal/datagenerator/presets.go:201.54,202.45 1 1
dev-toolbox/internal/datagenerator/presets.go:202.45,203.22 1 1
dev-toolbox/internal/datagenerator/presets.go:203.22,205.4 1 1
dev-toolbox/internal/datagenerator/presets.go:207.2,207.32 1 1
dev-toolbox/internal/datagenerator/service.go:22.53,27.2 1 1
dev-toolbox/internal/datagenerator/service.go:30.89,32.49 1 1
dev-toolbox/internal/datagenerator/service.go:32.49,36.3 1 1
dev-toolbox/internal/datagenerator/service.go:39.2,39.56 1 1
dev-toolbox/internal/datagenerator/service.go:39.56,43.3 1 1
dev-toolbox/internal/datagenerator/service.go:46.2,47.40 2 1
dev-toolbox/internal/datagenerator/service.go:47.40,48.28 1 1
dev-toolbox/internal/datagenerator/service.go:49.16,51.28 1 1
dev-toolbox/internal/datagenerator/service.go:51.28,53.5 1 1
dev-toolbox/internal/datagenerator/service.go:53.10,55.5 1 0
dev-toolbox/internal/datagenerator/service.go:56.13,57.26 1 1
dev-toolbox/internal/datagenerator/service.go:58.15,59.26 1 0
dev-toolbox/internal/datagenerator/service.go:60.11,61.30 1 0
dev-toolbox/internal/datagenerator/service.go:66.2,70.16 4 1
dev-toolbox/internal/datagenerator/service.go:70.16,75.3 1 0
dev-toolbox/internal/datagenerator/service.go:78.2,79.16 2 1
dev-toolbox/internal/datagenerator/service.go:79.16,84.3 1 1
dev-toolbox/internal/datagenerator/service.go:87.2,87.32 1 1
dev-toolbox/internal/datagenerator/service.go:87.32,88.65 1 1
dev-toolbox/internal/datagenerator/service.go:88.65,90.4 1 1
dev-toolbox/internal/datagenerator/service.go:93.2,97.8 1 1
dev-toolbox/internal/datagenerator/service.go:101.71,106.2 2 1
dev-toolbox/internal/datagenerator/service.go:109.93,110.52 1 1
dev-toolbox/internal/datagenerator/service.go:110.52,116.3 1 1
dev-toolbox/internal/datagenerator/service.go:118.2,121.8 1 1
